Protopine
Testosterone
Glycycoumarin
Spermine
Guanosine
Hirsutrin
Isorhamnetin
Vitamin A
Licuroside
Myoinositol
Lycopene
Pregnenolone
Octadecanoic acid
Quinic acid
Naringin
Methyl rosmarinate
Malic acid
Loganin
Uracil
Quercetin
Kaempferol 3-glucuronide
Isoferulic acid
Tanshinone II
Acetylursolic acid
Riboflavin
Apigenin
Myricetin
alpha-Tocopherol
Sigmoidin B
Glycyrrhetinic acid
Ellagic acid
Coumarin
Sanguinarine
Ferruginol
Oleic acid
Glisoflavone
Liquiritin
(+)-S-Carvone
(-)-Jasmonic acid
Glycyrol
Tetrahydroalstonine
Isoschaftoside
Chelerythrine
Citric acid
Chrysoeriol
Isobavachalcone
3-O-Caffeoylquinic acid
Berberine
Trigonelline
Rutin
7-Hydroxycoumarin
Isoliquiritigenin
1 3 7-Trihydroxyxanthone
Echinatin
Oestrone
Peucedanin
Folic acid
alpha-Terpinene
Linoleic acid
N6-(delta2-Isopentenyl)adenine
Vindoline
Oleanolic acid
6-Hydroxymellein
Betulinic acid
3' 4' 7-Trihydroxyflavone
Liquiritigenin
Punicalin
Isolicoflavonol
Gallic acid
Sucrose
Caffeic acid
Benzoic acid
Spermidine
(R)-linalool
Tryptamine
Isoliquiritin
Semilicoisoflavone B
Naringenin
p-Coumaric acid
Tanshinone I
Sweroside
3 4-Dihydroxybenzoic acid
delta-Tocopherol
Adenosine
(6S 9R)-Roseoside
beta-D-Glucosamine
Methyl 3 4 5-trihydroxybenzoate
Acetovanillone
6 8-Diprenylgenistein
Myristicin
Glycyrrhizic acid
Fumaric acid
Succinic acid
Miltirone
Gancaonin U
4-Terpineol
Oxalic acid
Thiamine
Dihydrotanshinone I
Labiatenic acid
Fisetin
Scopoletin
Isorhamnetin 3-O-beta-D-glucopyranoside
Serotonin
beta-Carotene
Phaseollidin
Cryptotanshinone
Mitraphylline
Ajmalicine
3' 5'-cyclic AMP
Glycyrrhisoflavone
Cholesterol
alpha-Pinene
Gibberellin A3
Vincristine
9-Ribosyl-trans-zeatin
Vanillic acid
Isoprene
Vincamine
Salicylic acid
Vanillin
Formononetin
beta-Monoolein
Indole-3-acetic acid
trans-Zeatin
2'-Hydroxygenistein
Kaempferol
Coumestrol
L-Phenylalanine
Isoglycyrol
Loganic acid
Palmitic acid
